# JRE version: OpenJDK Runtime Environment Temurin-21.0.9+10 (21.0.9+10) (build 21.0.9+10-LTS)
# Java VM: OpenJDK 64-Bit Server VM Temurin-21.0.9+10 (21.0.9+10-LTS, mixed mode, sharing, tiered, compressed oops, compressed class ptrs, parallel gc, windows-amd64)
GC Precious Log:
 CardTable entry size: 512
 CPUs: 20 total, 20 available
 Memory: 16010M
 Large Page Support: Disabled
 NUMA Support: Disabled
 Compressed Oops: Enabled (32-bit)
 Alignments: Space 512K, Generation 512K, Heap 2M
 Heap Min Capacity: 100M
 Heap Initial Capacity: 100M
 Heap Max Capacity: 2G
 Pre-touch: Disabled
 Parallel Workers: 15
Heap:
 PSYoungGen      total 11776K, used 6103K [0x00000000d5580000, 0x00000000d6500000, 0x0000000100000000)
  eden space 10752K, 47% used [0x00000000d5580000,0x00000000d5a75fb8,0x00000000d6000000)
  from space 1024K, 100% used [0x00000000d6080000,0x00000000d6180000,0x00000000d6180000)
  to   space 2560K, 0% used [0x00000000d6280000,0x00000000d6280000,0x00000000d6500000)
 ParOldGen       total 400384K, used 400300K [0x0000000080000000, 0x0000000098700000, 0x00000000d5580000)
  object space 400384K, 99% used [0x0000000080000000,0x00000000986eb258,0x0000000098700000)
 Metaspace       used 93587K, committed 95168K, reserved 1179648K
  class space    used 8795K, committed 9536K, reserved 1048576K
GC Heap History (20 events):
Event: 79221.397 GC heap before
{Heap before GC invocations=12348 (full 14):
 PSYoungGen      total 12800K, used 12435K [0x00000000d5580000, 0x00000000d6380000, 0x0000000100000000)
  eden space 11264K, 100% used [0x00000000d5580000,0x00000000d6080000,0x00000000d6080000)
  from space 1536K, 76% used [0x00000000d6080000,0x00000000d61a4cd0,0x00000000d6200000)
  to   space 1536K, 0% used [0x00000000d6200000,0x00000000d6200000,0x00000000d6380000)
 ParOldGen       total 390656K, used 390392K [0x0000000080000000, 0x0000000097d80000, 0x00000000d5580000)
  object space 390656K, 99% used [0x0000000080000000,0x0000000097d3e008,0x0000000097d80000)
 Metaspace       used 93571K, committed 95168K, reserved 1179648K
  class space    used 8793K, committed 9536K, reserved 1048576K
}
Event: 79221.399 GC heap after
{Heap after GC invocations=12348 (full 14):
 PSYoungGen      total 12800K, used 1248K [0x00000000d5580000, 0x00000000d6380000, 0x0000000100000000)
  eden space 11264K, 0% used [0x00000000d5580000,0x00000000d5580000,0x00000000d6080000)
  from space 1536K, 81% used [0x00000000d6200000,0x00000000d6338060,0x00000000d6380000)
  to   space 1536K, 0% used [0x00000000d6080000,0x00000000d6080000,0x00000000d6200000)
 ParOldGen       total 391680K, used 391335K [0x0000000080000000, 0x0000000097e80000, 0x00000000d5580000)
  object space 391680K, 99% used [0x0000000080000000,0x0000000097e29f78,0x0000000097e80000)
 Metaspace       used 93571K, committed 95168K, reserved 1179648K
  class space    used 8793K, committed 9536K, reserved 1048576K
}
Event: 79221.421 GC heap before
{Heap before GC invocations=12349 (full 14):
 PSYoungGen      total 12800K, used 12512K [0x00000000d5580000, 0x00000000d6380000, 0x0000000100000000)
  eden space 11264K, 100% used [0x00000000d5580000,0x00000000d6080000,0x00000000d6080000)
  from space 1536K, 81% used [0x00000000d6200000,0x00000000d6338060,0x00000000d6380000)
  to   space 1536K, 0% used [0x00000000d6080000,0x00000000d6080000,0x00000000d6200000)
 ParOldGen       total 391680K, used 391335K [0x0000000080000000, 0x0000000097e80000, 0x00000000d5580000)
  object space 391680K, 99% used [0x0000000080000000,0x0000000097e29f78,0x0000000097e80000)
 Metaspace       used 93571K, committed 95168K, reserved 1179648K
  class space    used 8793K, committed 9536K, reserved 1048576K
}
Event: 79221.422 GC heap after
{Heap after GC invocations=12349 (full 14):
 PSYoungGen      total 12800K, used 1232K [0x00000000d5580000, 0x00000000d6380000, 0x0000000100000000)
  eden space 11264K, 0% used [0x00000000d5580000,0x00000000d5580000,0x00000000d6080000)
  from space 1536K, 80% used [0x00000000d6080000,0x00000000d61b4010,0x00000000d6200000)
  to   space 1536K, 0% used [0x00000000d6200000,0x00000000d6200000,0x00000000d6380000)
 ParOldGen       total 392704K, used 392351K [0x0000000080000000, 0x0000000097f80000, 0x00000000d5580000)
  object space 392704K, 99% used [0x0000000080000000,0x0000000097f27ff8,0x0000000097f80000)
 Metaspace       used 93571K, committed 95168K, reserved 1179648K
  class space    used 8793K, committed 9536K, reserved 1048576K
}
Event: 79221.438 GC heap before
{Heap before GC invocations=12350 (full 14):
 PSYoungGen      total 12800K, used 12496K [0x00000000d5580000, 0x00000000d6380000, 0x0000000100000000)
  eden space 11264K, 100% used [0x00000000d5580000,0x00000000d6080000,0x00000000d6080000)
  from space 1536K, 80% used [0x00000000d6080000,0x00000000d61b4010,0x00000000d6200000)
  to   space 1536K, 0% used [0x00000000d6200000,0x00000000d6200000,0x00000000d6380000)
 ParOldGen       total 392704K, used 392351K [0x0000000080000000, 0x0000000097f80000, 0x00000000d5580000)
  object space 392704K, 99% used [0x0000000080000000,0x0000000097f27ff8,0x0000000097f80000)
 Metaspace       used 93571K, committed 95168K, reserved 1179648K
  class space    used 8793K, committed 9536K, reserved 1048576K
}
Event: 79221.439 GC heap after
{Heap after GC invocations=12350 (full 14):
 PSYoungGen      total 12288K, used 1495K [0x00000000d5580000, 0x00000000d6480000, 0x0000000100000000)
  eden space 10752K, 0% used [0x00000000d5580000,0x00000000d5580000,0x00000000d6000000)
  from space 1536K, 97% used [0x00000000d6200000,0x00000000d6375fc0,0x00000000d6380000)
  to   space 2048K, 0% used [0x00000000d6000000,0x00000000d6000000,0x00000000d6200000)
 ParOldGen       total 393728K, used 393384K [0x0000000080000000, 0x0000000098080000, 0x00000000d5580000)
  object space 393728K, 99% used [0x0000000080000000,0x000000009802a058,0x0000000098080000)
 Metaspace       used 93571K, committed 95168K, reserved 1179648K
  class space    used 8793K, committed 9536K, reserved 1048576K
}
Event: 79221.463 GC heap before
{Heap before GC invocations=12351 (full 14):
 PSYoungGen      total 12288K, used 12247K [0x00000000d5580000, 0x00000000d6480000, 0x0000000100000000)
  eden space 10752K, 100% used [0x00000000d5580000,0x00000000d6000000,0x00000000d6000000)
  from space 1536K, 97% used [0x00000000d6200000,0x00000000d6375fc0,0x00000000d6380000)
  to   space 2048K, 0% used [0x00000000d6000000,0x00000000d6000000,0x00000000d6200000)
 ParOldGen       total 393728K, used 393384K [0x0000000080000000, 0x0000000098080000, 0x00000000d5580000)
  object space 393728K, 99% used [0x0000000080000000,0x000000009802a058,0x0000000098080000)
 Metaspace       used 93571K, committed 95168K, reserved 1179648K
  class space    used 8793K, committed 9536K, reserved 1048576K
}
Event: 79221.464 GC heap after
{Heap after GC invocations=12351 (full 14):
 PSYoungGen      total 12288K, used 1200K [0x00000000d5580000, 0x00000000d6300000, 0x0000000100000000)
  eden space 10752K, 0% used [0x00000000d5580000,0x00000000d5580000,0x00000000d6000000)
  from space 1536K, 78% used [0x00000000d6000000,0x00000000d612c030,0x00000000d6180000)
  to   space 1536K, 0% used [0x00000000d6180000,0x00000000d6180000,0x00000000d6300000)
 ParOldGen       total 394752K, used 394690K [0x0000000080000000, 0x0000000098180000, 0x00000000d5580000)
  object space 394752K, 99% used [0x0000000080000000,0x0000000098170b68,0x0000000098180000)
 Metaspace       used 93571K, committed 95168K, reserved 1179648K
  class space    used 8793K, committed 9536K, reserved 1048576K
}
Event: 79221.488 GC heap before
{Heap before GC invocations=12352 (full 14):
 PSYoungGen      total 12288K, used 11952K [0x00000000d5580000, 0x00000000d6300000, 0x0000000100000000)
  eden space 10752K, 100% used [0x00000000d5580000,0x00000000d6000000,0x00000000d6000000)
  from space 1536K, 78% used [0x00000000d6000000,0x00000000d612c030,0x00000000d6180000)
  to   space 1536K, 0% used [0x00000000d6180000,0x00000000d6180000,0x00000000d6300000)
 ParOldGen       total 394752K, used 394690K [0x0000000080000000, 0x0000000098180000, 0x00000000d5580000)
  object space 394752K, 99% used [0x0000000080000000,0x0000000098170b68,0x0000000098180000)
 Metaspace       used 93571K, committed 95168K, reserved 1179648K
  class space    used 8793K, committed 9536K, reserved 1048576K
}
Event: 79221.489 GC heap after
{Heap after GC invocations=12352 (full 14):
 PSYoungGen      total 12288K, used 992K [0x00000000d5580000, 0x00000000d6300000, 0x0000000100000000)
  eden space 10752K, 0% used [0x00000000d5580000,0x00000000d5580000,0x00000000d6000000)
  from space 1536K, 64% used [0x00000000d6180000,0x00000000d6278000,0x00000000d6300000)
  to   space 1536K, 0% used [0x00000000d6000000,0x00000000d6000000,0x00000000d6180000)
 ParOldGen       total 395776K, used 395674K [0x0000000080000000, 0x0000000098280000, 0x00000000d5580000)
  object space 395776K, 99% used [0x0000000080000000,0x0000000098266bc8,0x0000000098280000)
 Metaspace       used 93571K, committed 95168K, reserved 1179648K
  class space    used 8793K, committed 9536K, reserved 1048576K
}
Event: 79221.593 GC heap before
{Heap before GC invocations=12353 (full 14):
 PSYoungGen      total 12288K, used 11744K [0x00000000d5580000, 0x00000000d6300000, 0x0000000100000000)
  eden space 10752K, 100% used [0x00000000d5580000,0x00000000d6000000,0x00000000d6000000)
  from space 1536K, 64% used [0x00000000d6180000,0x00000000d6278000,0x00000000d6300000)
  to   space 1536K, 0% used [0x00000000d6000000,0x00000000d6000000,0x00000000d6180000)
 ParOldGen       total 395776K, used 395674K [0x0000000080000000, 0x0000000098280000, 0x00000000d5580000)
  object space 395776K, 99% used [0x0000000080000000,0x0000000098266bc8,0x0000000098280000)
 Metaspace       used 93584K, committed 95168K, reserved 1179648K
  class space    used 8795K, committed 9536K, reserved 1048576K
}
Event: 79221.594 GC heap after
{Heap after GC invocations=12353 (full 14):
 PSYoungGen      total 12288K, used 1181K [0x00000000d5580000, 0x00000000d6300000, 0x0000000100000000)
  eden space 10752K, 0% used [0x00000000d5580000,0x00000000d5580000,0x00000000d6000000)
  from space 1536K, 76% used [0x00000000d6000000,0x00000000d6127530,0x00000000d6180000)
  to   space 1536K, 0% used [0x00000000d6180000,0x00000000d6180000,0x00000000d6300000)
 ParOldGen       total 396800K, used 396483K [0x0000000080000000, 0x0000000098380000, 0x00000000d5580000)
  object space 396800K, 99% used [0x0000000080000000,0x0000000098330c48,0x0000000098380000)
 Metaspace       used 93584K, committed 95168K, reserved 1179648K
  class space    used 8795K, committed 9536K, reserved 1048576K
}
Event: 79221.618 GC heap before
{Heap before GC invocations=12354 (full 14):
 PSYoungGen      total 12288K, used 11933K [0x00000000d5580000, 0x00000000d6300000, 0x0000000100000000)
  eden space 10752K, 100% used [0x00000000d5580000,0x00000000d6000000,0x00000000d6000000)
  from space 1536K, 76% used [0x00000000d6000000,0x00000000d6127530,0x00000000d6180000)
  to   space 1536K, 0% used [0x00000000d6180000,0x00000000d6180000,0x00000000d6300000)
 ParOldGen       total 396800K, used 396483K [0x0000000080000000, 0x0000000098380000, 0x00000000d5580000)
  object space 396800K, 99% used [0x0000000080000000,0x0000000098330c48,0x0000000098380000)
 Metaspace       used 93585K, committed 95168K, reserved 1179648K
  class space    used 8795K, committed 9536K, reserved 1048576K
}
Event: 79221.619 GC heap after
{Heap after GC invocations=12354 (full 14):
 PSYoungGen      total 12288K, used 1312K [0x00000000d5580000, 0x00000000d6300000, 0x0000000100000000)
  eden space 10752K, 0% used [0x00000000d5580000,0x00000000d5580000,0x00000000d6000000)
  from space 1536K, 85% used [0x00000000d6180000,0x00000000d62c8140,0x00000000d6300000)
  to   space 1536K, 0% used [0x00000000d6000000,0x00000000d6000000,0x00000000d6180000)
 ParOldGen       total 397824K, used 397488K [0x0000000080000000, 0x0000000098480000, 0x00000000d5580000)
  object space 397824K, 99% used [0x0000000080000000,0x000000009842c258,0x0000000098480000)
 Metaspace       used 93585K, committed 95168K, reserved 1179648K
  class space    used 8795K, committed 9536K, reserved 1048576K
}
Event: 79221.639 GC heap before
{Heap before GC invocations=12355 (full 14):
 PSYoungGen      total 12288K, used 12064K [0x00000000d5580000, 0x00000000d6300000, 0x0000000100000000)
  eden space 10752K, 100% used [0x00000000d5580000,0x00000000d6000000,0x00000000d6000000)
  from space 1536K, 85% used [0x00000000d6180000,0x00000000d62c8140,0x00000000d6300000)
  to   space 1536K, 0% used [0x00000000d6000000,0x00000000d6000000,0x00000000d6180000)
 ParOldGen       total 397824K, used 397488K [0x0000000080000000, 0x0000000098480000, 0x00000000d5580000)
  object space 397824K, 99% used [0x0000000080000000,0x000000009842c258,0x0000000098480000)
 Metaspace       used 93585K, committed 95168K, reserved 1179648K
  class space    used 8795K, committed 9536K, reserved 1048576K
}
Event: 79221.640 GC heap after
{Heap after GC invocations=12355 (full 14):
 PSYoungGen      total 12288K, used 960K [0x00000000d5580000, 0x00000000d6300000, 0x0000000100000000)
  eden space 10752K, 0% used [0x00000000d5580000,0x00000000d5580000,0x00000000d6000000)
  from space 1536K, 62% used [0x00000000d6000000,0x00000000d60f0020,0x00000000d6180000)
  to   space 1536K, 0% used [0x00000000d6180000,0x00000000d6180000,0x00000000d6300000)
 ParOldGen       total 398848K, used 398576K [0x0000000080000000, 0x0000000098580000, 0x00000000d5580000)
  object space 398848K, 99% used [0x0000000080000000,0x000000009853c398,0x0000000098580000)
 Metaspace       used 93585K, committed 95168K, reserved 1179648K
  class space    used 8795K, committed 9536K, reserved 1048576K
}
Event: 79221.660 GC heap before
{Heap before GC invocations=12356 (full 14):
 PSYoungGen      total 12288K, used 11712K [0x00000000d5580000, 0x00000000d6300000, 0x0000000100000000)
  eden space 10752K, 100% used [0x00000000d5580000,0x00000000d6000000,0x00000000d6000000)
  from space 1536K, 62% used [0x00000000d6000000,0x00000000d60f0020,0x00000000d6180000)
  to   space 1536K, 0% used [0x00000000d6180000,0x00000000d6180000,0x00000000d6300000)
 ParOldGen       total 398848K, used 398576K [0x0000000080000000, 0x0000000098580000, 0x00000000d5580000)
  object space 398848K, 99% used [0x0000000080000000,0x000000009853c398,0x0000000098580000)
 Metaspace       used 93585K, committed 95168K, reserved 1179648K
  class space    used 8795K, committed 9536K, reserved 1048576K
}
Event: 79221.661 GC heap after
{Heap after GC invocations=12356 (full 14):
 PSYoungGen      total 11776K, used 928K [0x00000000d5580000, 0x00000000d6280000, 0x0000000100000000)
  eden space 10752K, 0% used [0x00000000d5580000,0x00000000d5580000,0x00000000d6000000)
  from space 1024K, 90% used [0x00000000d6180000,0x00000000d6268000,0x00000000d6280000)
  to   space 1024K, 0% used [0x00000000d6080000,0x00000000d6080000,0x00000000d6180000)
 ParOldGen       total 399360K, used 399352K [0x0000000080000000, 0x0000000098600000, 0x00000000d5580000)
  object space 399360K, 99% used [0x0000000080000000,0x00000000985fe3d8,0x0000000098600000)
 Metaspace       used 93585K, committed 95168K, reserved 1179648K
  class space    used 8795K, committed 9536K, reserved 1048576K
}
Event: 79221.678 GC heap before
{Heap before GC invocations=12357 (full 14):
 PSYoungGen      total 11776K, used 11680K [0x00000000d5580000, 0x00000000d6280000, 0x0000000100000000)
  eden space 10752K, 100% used [0x00000000d5580000,0x00000000d6000000,0x00000000d6000000)
  from space 1024K, 90% used [0x00000000d6180000,0x00000000d6268000,0x00000000d6280000)
  to   space 1024K, 0% used [0x00000000d6080000,0x00000000d6080000,0x00000000d6180000)
 ParOldGen       total 399360K, used 399352K [0x0000000080000000, 0x0000000098600000, 0x00000000d5580000)
  object space 399360K, 99% used [0x0000000080000000,0x00000000985fe3d8,0x0000000098600000)
 Metaspace       used 93585K, committed 95168K, reserved 1179648K
  class space    used 8795K, committed 9536K, reserved 1048576K
}
Event: 79221.679 GC heap after
{Heap after GC invocations=12357 (full 14):
 PSYoungGen      total 11776K, used 1024K [0x00000000d5580000, 0x00000000d6500000, 0x0000000100000000)
  eden space 10752K, 0% used [0x00000000d5580000,0x00000000d5580000,0x00000000d6000000)
  from space 1024K, 100% used [0x00000000d6080000,0x00000000d6180000,0x00000000d6180000)
  to   space 2560K, 0% used [0x00000000d6280000,0x00000000d6280000,0x00000000d6500000)
 ParOldGen       total 400384K, used 400300K [0x0000000080000000, 0x0000000098700000, 0x00000000d5580000)
  object space 400384K, 99% used [0x0000000080000000,0x00000000986eb258,0x0000000098700000)
 Metaspace       used 93585K, committed 95168K, reserved 1179648K
  class space    used 8795K, committed 9536K, reserved 1048576K
}

